2026.04.22 13:56:33 INFO  Started: Metals version 1.6.7 in folders '/home/zb/Main/VALAIS/ANNO2/SEM4/BRDB/BRDB/lab_Beepr/social-network-simulator' for client Visual Studio Code 1.116.0.
2026.04.22 13:56:33 INFO  Memory monitor started
2026.04.22 13:56:34 WARN  Using H2 2.4.240 which is newer than the version Flyway has been verified with. The latest verified version of H2 is 2.3.232.
2026.04.22 13:56:34 INFO  Attempting to connect to the build server...
2026.04.22 13:56:34 INFO  Found a Bloop server running
2026.04.22 13:56:34 INFO  tracing is disabled for protocol BSP, to enable tracing of incoming and outgoing JSON messages create an empty file at /home/zb/Main/VALAIS/ANNO2/SEM4/BRDB/BRDB/lab_Beepr/social-network-simulator/.metals/bsp.trace.json or /home/zb/.cache/metals/bsp.trace.json
2026.04.22 13:56:35 INFO  Attempting to connect to the build server...
2026.04.22 13:56:35 INFO  Found a Bloop server running
2026.04.22 13:56:34 INFO  tracing is disabled for protocol BSP, to enable tracing of incoming and outgoing JSON messages create an empty file at /home/zb/Main/VALAIS/ANNO2/SEM4/BRDB/BRDB/lab_Beepr/social-network-simulator/project/.metals/bsp.trace.json or /home/zb/.cache/metals/bsp.trace.json
2026.04.22 13:56:34 INFO  time: Connected to build server in 0.61s
2026.04.22 13:56:34 INFO  Connected to Build server: Bloop v2.0.19
2026.04.22 13:56:35 INFO  Created report: Optional.empty
2026.04.22 13:56:35 INFO  Empty build targets. Expected at least one build target identifier. (full report at: "/home/zb/Main/VALAIS/ANNO2/SEM4/BRDB/BRDB/lab_Beepr/social-network-simulator/.metals/.reports/bloop/2026-04-22/r_Empty build targets...._13-56-35-447.md")
2026.04.22 13:56:35 INFO  Empty build targets. Expected at least one build target identifier. (full report at: "/home/zb/Main/VALAIS/ANNO2/SEM4/BRDB/BRDB/lab_Beepr/social-network-simulator/.metals/.reports/bloop/2026-04-22/r_Empty build targets...._13-56-35-447.md")
2026.04.22 13:56:35 INFO  Empty build targets. Expected at least one build target identifier. (full report at: "/home/zb/Main/VALAIS/ANNO2/SEM4/BRDB/BRDB/lab_Beepr/social-network-simulator/.metals/.reports/bloop/2026-04-22/r_Empty build targets...._13-56-35-447.md")
2026.04.22 13:56:35 INFO  Empty build targets. Expected at least one build target identifier. (full report at: "/home/zb/Main/VALAIS/ANNO2/SEM4/BRDB/BRDB/lab_Beepr/social-network-simulator/.metals/.reports/bloop/2026-04-22/r_Empty build targets...._13-56-35-447.md")
2026.04.22 13:56:35 INFO  Empty build targets. Expected at least one build target identifier. (full report at: "/home/zb/Main/VALAIS/ANNO2/SEM4/BRDB/BRDB/lab_Beepr/social-network-simulator/.metals/.reports/bloop/2026-04-22/r_Empty build targets...._13-56-35-447.md")
2026.04.22 13:56:36 WARN  Could not find java sources in /usr/lib/jvm/src.zip, /usr/lib/jvm/lib/src.zip, /usr/lib/jvm/java-17-openjdk/src.zip, /usr/lib/jvm/java-17-openjdk/lib/src.zip. Java symbols will not be available.
2026.04.22 13:56:38 INFO  time: indexed workspace in 3.29s
2026.04.22 13:56:48 INFO  no build target found for /home/zb/Main/VALAIS/ANNO2/SEM4/BRDB/BRDB/lab_Beepr/social-network-simulator/src/main/scala/Main.scala. Using presentation compiler with project's scala-library version: 2.12.21
2026.04.22 13:56:48 INFO  no build target found for /home/zb/Main/VALAIS/ANNO2/SEM4/BRDB/BRDB/lab_Beepr/social-network-simulator/src/main/scala/Main.scala. Using presentation compiler with project's scala-library version: 2.12.21
2026.04.22 13:56:48 WARN  no build target for: /home/zb/Main/VALAIS/ANNO2/SEM4/BRDB/BRDB/lab_Beepr/social-network-simulator/src/main/scala/Main.scala
2026.04.22 13:56:48 INFO  no build target found for /home/zb/Main/VALAIS/ANNO2/SEM4/BRDB/BRDB/lab_Beepr/social-network-simulator/src/main/scala/Main.scala. Using presentation compiler with project's scala-library version: 2.12.21
Apr 22, 2026 1:56:48 PM org.eclipse.lsp4j.jsonrpc.RemoteEndpoint handleCancellation
WARNING: Unmatched cancel notification for request id 1
2026.04.22 13:56:48 INFO  no build target found for /home/zb/Main/VALAIS/ANNO2/SEM4/BRDB/BRDB/lab_Beepr/social-network-simulator/src/main/scala/Main.scala. Using presentation compiler with project's scala-library version: 2.12.21
2026.04.22 13:56:48 INFO  no build target found for /home/zb/Main/VALAIS/ANNO2/SEM4/BRDB/BRDB/lab_Beepr/social-network-simulator/src/main/scala/Main.scala. Using presentation compiler with project's scala-library version: 2.12.21
2026.04.22 13:56:49 INFO  no build target found for /home/zb/Main/VALAIS/ANNO2/SEM4/BRDB/BRDB/lab_Beepr/social-network-simulator/src/main/scala/Main.scala. Using presentation compiler with project's scala-library version: 2.12.21
2026.04.22 13:56:49 INFO  no build target found for /home/zb/Main/VALAIS/ANNO2/SEM4/BRDB/BRDB/lab_Beepr/social-network-simulator/src/main/scala/Main.scala. Using presentation compiler with project's scala-library version: 2.12.21
2026.04.22 13:56:57 INFO  no build target found for /home/zb/Main/VALAIS/ANNO2/SEM4/BRDB/BRDB/lab_Beepr/social-network-simulator/src/main/scala/Main.scala. Using presentation compiler with project's scala-library version: 2.12.21
2026.04.22 13:56:58 INFO  no build target found for /home/zb/Main/VALAIS/ANNO2/SEM4/BRDB/BRDB/lab_Beepr/social-network-simulator/src/main/scala/Main.scala. Using presentation compiler with project's scala-library version: 2.12.21
2026.04.22 13:56:58 INFO  no build target found for /home/zb/Main/VALAIS/ANNO2/SEM4/BRDB/BRDB/lab_Beepr/social-network-simulator/src/main/scala/Main.scala. Using presentation compiler with project's scala-library version: 2.12.21
2026.04.22 13:56:59 INFO  no build target found for /home/zb/Main/VALAIS/ANNO2/SEM4/BRDB/BRDB/lab_Beepr/social-network-simulator/src/main/scala/Main.scala. Using presentation compiler with project's scala-library version: 2.12.21
2026.04.22 13:56:59 INFO  no build target found for /home/zb/Main/VALAIS/ANNO2/SEM4/BRDB/BRDB/lab_Beepr/social-network-simulator/src/main/scala/Main.scala. Using presentation compiler with project's scala-library version: 2.12.21
2026.04.22 13:56:58 INFO  no build target found for /home/zb/Main/VALAIS/ANNO2/SEM4/BRDB/BRDB/lab_Beepr/social-network-simulator/src/main/scala/Main.scala. Using presentation compiler with project's scala-library version: 2.12.21
2026.04.22 13:56:58 INFO  no build target found for /home/zb/Main/VALAIS/ANNO2/SEM4/BRDB/BRDB/lab_Beepr/social-network-simulator/src/main/scala/Main.scala. Using presentation compiler with project's scala-library version: 2.12.21
2026.04.22 13:56:58 INFO  no build target found for /home/zb/Main/VALAIS/ANNO2/SEM4/BRDB/BRDB/lab_Beepr/social-network-simulator/src/main/scala/Main.scala. Using presentation compiler with project's scala-library version: 2.12.21
2026.04.22 13:56:58 INFO  no build target found for /home/zb/Main/VALAIS/ANNO2/SEM4/BRDB/BRDB/lab_Beepr/social-network-simulator/src/main/scala/Main.scala. Using presentation compiler with project's scala-library version: 2.12.21
2026.04.22 13:56:58 INFO  no build target found for /home/zb/Main/VALAIS/ANNO2/SEM4/BRDB/BRDB/lab_Beepr/social-network-simulator/src/main/scala/Main.scala. Using presentation compiler with project's scala-library version: 2.12.21
2026.04.22 13:56:58 INFO  no build target found for /home/zb/Main/VALAIS/ANNO2/SEM4/BRDB/BRDB/lab_Beepr/social-network-simulator/src/main/scala/Main.scala. Using presentation compiler with project's scala-library version: 2.12.21
2026.04.22 13:56:59 INFO  no build target found for /home/zb/Main/VALAIS/ANNO2/SEM4/BRDB/BRDB/lab_Beepr/social-network-simulator/src/main/scala/Main.scala. Using presentation compiler with project's scala-library version: 2.12.21
2026.04.22 13:56:59 INFO  no build target found for /home/zb/Main/VALAIS/ANNO2/SEM4/BRDB/BRDB/lab_Beepr/social-network-simulator/src/main/scala/Main.scala. Using presentation compiler with project's scala-library version: 2.12.21
2026.04.22 13:56:59 INFO  no build target found for /home/zb/Main/VALAIS/ANNO2/SEM4/BRDB/BRDB/lab_Beepr/social-network-simulator/src/main/scala/Main.scala. Using presentation compiler with project's scala-library version: 2.12.21
2026.04.22 13:57:00 INFO  no build target found for /home/zb/Main/VALAIS/ANNO2/SEM4/BRDB/BRDB/lab_Beepr/social-network-simulator/src/main/scala/Main.scala. Using presentation compiler with project's scala-library version: 2.12.21
2026.04.22 13:56:59 INFO  no build target found for /home/zb/Main/VALAIS/ANNO2/SEM4/BRDB/BRDB/lab_Beepr/social-network-simulator/src/main/scala/Main.scala. Using presentation compiler with project's scala-library version: 2.12.21
2026.04.22 13:57:00 INFO  no build target found for /home/zb/Main/VALAIS/ANNO2/SEM4/BRDB/BRDB/lab_Beepr/social-network-simulator/src/main/scala/Main.scala. Using presentation compiler with project's scala-library version: 2.12.21
2026.04.22 13:56:59 INFO  no build target found for /home/zb/Main/VALAIS/ANNO2/SEM4/BRDB/BRDB/lab_Beepr/social-network-simulator/src/main/scala/Main.scala. Using presentation compiler with project's scala-library version: 2.12.21
2026.04.22 13:56:59 INFO  no build target found for /home/zb/Main/VALAIS/ANNO2/SEM4/BRDB/BRDB/lab_Beepr/social-network-simulator/src/main/scala/Main.scala. Using presentation compiler with project's scala-library version: 2.12.21
2026.04.22 13:56:59 INFO  no build target found for /home/zb/Main/VALAIS/ANNO2/SEM4/BRDB/BRDB/lab_Beepr/social-network-simulator/src/main/scala/Main.scala. Using presentation compiler with project's scala-library version: 2.12.21
2026.04.22 13:57:00 INFO  no build target found for /home/zb/Main/VALAIS/ANNO2/SEM4/BRDB/BRDB/lab_Beepr/social-network-simulator/src/main/scala/Main.scala. Using presentation compiler with project's scala-library version: 2.12.21
2026.04.22 13:57:00 INFO  no build target found for /home/zb/Main/VALAIS/ANNO2/SEM4/BRDB/BRDB/lab_Beepr/social-network-simulator/src/main/scala/Main.scala. Using presentation compiler with project's scala-library version: 2.12.21
2026.04.22 13:57:01 INFO  no build target found for /home/zb/Main/VALAIS/ANNO2/SEM4/BRDB/BRDB/lab_Beepr/social-network-simulator/src/main/scala/Main.scala. Using presentation compiler with project's scala-library version: 2.12.21
2026.04.22 13:57:01 INFO  no build target found for /home/zb/Main/VALAIS/ANNO2/SEM4/BRDB/BRDB/lab_Beepr/social-network-simulator/src/main/scala/Main.scala. Using presentation compiler with project's scala-library version: 2.12.21
2026.04.22 13:57:01 INFO  no build target found for /home/zb/Main/VALAIS/ANNO2/SEM4/BRDB/BRDB/lab_Beepr/social-network-simulator/src/main/scala/Main.scala. Using presentation compiler with project's scala-library version: 2.12.21
2026.04.22 13:57:01 INFO  no build target found for /home/zb/Main/VALAIS/ANNO2/SEM4/BRDB/BRDB/lab_Beepr/social-network-simulator/src/main/scala/Main.scala. Using presentation compiler with project's scala-library version: 2.12.21
2026.04.22 13:57:01 INFO  no build target found for /home/zb/Main/VALAIS/ANNO2/SEM4/BRDB/BRDB/lab_Beepr/social-network-simulator/src/main/scala/Main.scala. Using presentation compiler with project's scala-library version: 2.12.21
2026.04.22 13:57:02 INFO  no build target found for /home/zb/Main/VALAIS/ANNO2/SEM4/BRDB/BRDB/lab_Beepr/social-network-simulator/src/main/scala/Main.scala. Using presentation compiler with project's scala-library version: 2.12.21
2026.04.22 13:57:02 INFO  no build target found for /home/zb/Main/VALAIS/ANNO2/SEM4/BRDB/BRDB/lab_Beepr/social-network-simulator/src/main/scala/Main.scala. Using presentation compiler with project's scala-library version: 2.12.21
2026.04.22 13:57:02 INFO  no build target found for /home/zb/Main/VALAIS/ANNO2/SEM4/BRDB/BRDB/lab_Beepr/social-network-simulator/src/main/scala/Main.scala. Using presentation compiler with project's scala-library version: 2.12.21
2026.04.22 13:57:02 INFO  no build target found for /home/zb/Main/VALAIS/ANNO2/SEM4/BRDB/BRDB/lab_Beepr/social-network-simulator/src/main/scala/Main.scala. Using presentation compiler with project's scala-library version: 2.12.21
2026.04.22 13:57:04 INFO  no build target found for /home/zb/Main/VALAIS/ANNO2/SEM4/BRDB/BRDB/lab_Beepr/social-network-simulator/src/main/scala/Main.scala. Using presentation compiler with project's scala-library version: 2.12.21
2026.04.22 13:57:04 INFO  no build target found for /home/zb/Main/VALAIS/ANNO2/SEM4/BRDB/BRDB/lab_Beepr/social-network-simulator/src/main/scala/Main.scala. Using presentation compiler with project's scala-library version: 2.12.21
2026.04.22 13:57:04 INFO  no build target found for /home/zb/Main/VALAIS/ANNO2/SEM4/BRDB/BRDB/lab_Beepr/social-network-simulator/src/main/scala/Main.scala. Using presentation compiler with project's scala-library version: 2.12.21
2026.04.22 13:57:05 INFO  no build target found for /home/zb/Main/VALAIS/ANNO2/SEM4/BRDB/BRDB/lab_Beepr/social-network-simulator/src/main/scala/Main.scala. Using presentation compiler with project's scala-library version: 2.12.21
2026.04.22 13:57:04 INFO  no build target found for /home/zb/Main/VALAIS/ANNO2/SEM4/BRDB/BRDB/lab_Beepr/social-network-simulator/src/main/scala/Main.scala. Using presentation compiler with project's scala-library version: 2.12.21
2026.04.22 13:57:04 INFO  no build target found for /home/zb/Main/VALAIS/ANNO2/SEM4/BRDB/BRDB/lab_Beepr/social-network-simulator/src/main/scala/Main.scala. Using presentation compiler with project's scala-library version: 2.12.21
2026.04.22 13:57:05 INFO  no build target found for /home/zb/Main/VALAIS/ANNO2/SEM4/BRDB/BRDB/lab_Beepr/social-network-simulator/src/main/scala/Main.scala. Using presentation compiler with project's scala-library version: 2.12.21
2026.04.22 13:57:05 INFO  no build target found for /home/zb/Main/VALAIS/ANNO2/SEM4/BRDB/BRDB/lab_Beepr/social-network-simulator/src/main/scala/Main.scala. Using presentation compiler with project's scala-library version: 2.12.21
2026.04.22 13:57:05 INFO  no build target found for /home/zb/Main/VALAIS/ANNO2/SEM4/BRDB/BRDB/lab_Beepr/social-network-simulator/src/main/scala/Main.scala. Using presentation compiler with project's scala-library version: 2.12.21
2026.04.22 13:57:09 INFO  no build target found for /home/zb/Main/VALAIS/ANNO2/SEM4/BRDB/BRDB/lab_Beepr/social-network-simulator/src/main/scala/Main.scala. Using presentation compiler with project's scala-library version: 2.12.21
2026.04.22 13:57:12 INFO  no build target found for /home/zb/Main/VALAIS/ANNO2/SEM4/BRDB/BRDB/lab_Beepr/social-network-simulator/src/main/scala/Main.scala. Using presentation compiler with project's scala-library version: 2.12.21
2026.04.22 13:57:12 INFO  no build target found for /home/zb/Main/VALAIS/ANNO2/SEM4/BRDB/BRDB/lab_Beepr/social-network-simulator/src/main/scala/Main.scala. Using presentation compiler with project's scala-library version: 2.12.21
2026.04.22 13:57:12 INFO  no build target found for /home/zb/Main/VALAIS/ANNO2/SEM4/BRDB/BRDB/lab_Beepr/social-network-simulator/src/main/scala/Main.scala. Using presentation compiler with project's scala-library version: 2.12.21
2026.04.22 13:57:12 INFO  no build target found for /home/zb/Main/VALAIS/ANNO2/SEM4/BRDB/BRDB/lab_Beepr/social-network-simulator/src/main/scala/Main.scala. Using presentation compiler with project's scala-library version: 2.12.21
2026.04.22 13:57:12 INFO  no build target found for /home/zb/Main/VALAIS/ANNO2/SEM4/BRDB/BRDB/lab_Beepr/social-network-simulator/src/main/scala/Main.scala. Using presentation compiler with project's scala-library version: 2.12.21
2026.04.22 13:57:13 INFO  no build target found for /home/zb/Main/VALAIS/ANNO2/SEM4/BRDB/BRDB/lab_Beepr/social-network-simulator/src/main/scala/Main.scala. Using presentation compiler with project's scala-library version: 2.12.21
2026.04.22 13:57:12 INFO  no build target found for /home/zb/Main/VALAIS/ANNO2/SEM4/BRDB/BRDB/lab_Beepr/social-network-simulator/src/main/scala/Main.scala. Using presentation compiler with project's scala-library version: 2.12.21
2026.04.22 13:57:13 INFO  no build target found for /home/zb/Main/VALAIS/ANNO2/SEM4/BRDB/BRDB/lab_Beepr/social-network-simulator/src/main/scala/Main.scala. Using presentation compiler with project's scala-library version: 2.12.21
2026.04.22 13:57:13 INFO  no build target found for /home/zb/Main/VALAIS/ANNO2/SEM4/BRDB/BRDB/lab_Beepr/social-network-simulator/src/main/scala/Main.scala. Using presentation compiler with project's scala-library version: 2.12.21
2026.04.22 13:57:17 INFO  no build target found for /home/zb/Main/VALAIS/ANNO2/SEM4/BRDB/BRDB/lab_Beepr/social-network-simulator/src/main/scala/Main.scala. Using presentation compiler with project's scala-library version: 2.12.21
2026.04.22 13:57:17 INFO  no build target found for /home/zb/Main/VALAIS/ANNO2/SEM4/BRDB/BRDB/lab_Beepr/social-network-simulator/src/main/scala/Main.scala. Using presentation compiler with project's scala-library version: 2.12.21
2026.04.22 13:57:17 INFO  no build target found for /home/zb/Main/VALAIS/ANNO2/SEM4/BRDB/BRDB/lab_Beepr/social-network-simulator/src/main/scala/Main.scala. Using presentation compiler with project's scala-library version: 2.12.21
2026.04.22 13:57:18 INFO  no build target found for /home/zb/Main/VALAIS/ANNO2/SEM4/BRDB/BRDB/lab_Beepr/social-network-simulator/src/main/scala/Main.scala. Using presentation compiler with project's scala-library version: 2.12.21
2026.04.22 13:57:18 INFO  no build target found for /home/zb/Main/VALAIS/ANNO2/SEM4/BRDB/BRDB/lab_Beepr/social-network-simulator/src/main/scala/Main.scala. Using presentation compiler with project's scala-library version: 2.12.21
2026.04.22 13:57:19 INFO  no build target found for /home/zb/Main/VALAIS/ANNO2/SEM4/BRDB/BRDB/lab_Beepr/social-network-simulator/src/main/scala/Main.scala. Using presentation compiler with project's scala-library version: 2.12.21
2026.04.22 13:57:19 INFO  no build target found for /home/zb/Main/VALAIS/ANNO2/SEM4/BRDB/BRDB/lab_Beepr/social-network-simulator/src/main/scala/Main.scala. Using presentation compiler with project's scala-library version: 2.12.21
2026.04.22 13:57:20 INFO  no build target found for /home/zb/Main/VALAIS/ANNO2/SEM4/BRDB/BRDB/lab_Beepr/social-network-simulator/src/main/scala/Main.scala. Using presentation compiler with project's scala-library version: 2.12.21
2026.04.22 13:57:20 INFO  no build target found for /home/zb/Main/VALAIS/ANNO2/SEM4/BRDB/BRDB/lab_Beepr/social-network-simulator/src/main/scala/Main.scala. Using presentation compiler with project's scala-library version: 2.12.21
2026.04.22 13:57:20 INFO  no build target found for /home/zb/Main/VALAIS/ANNO2/SEM4/BRDB/BRDB/lab_Beepr/social-network-simulator/src/main/scala/Main.scala. Using presentation compiler with project's scala-library version: 2.12.21
2026.04.22 13:57:22 INFO  no build target found for /home/zb/Main/VALAIS/ANNO2/SEM4/BRDB/BRDB/lab_Beepr/social-network-simulator/src/main/scala/Main.scala. Using presentation compiler with project's scala-library version: 2.12.21
2026.04.22 13:57:26 INFO  no build target found for /home/zb/Main/VALAIS/ANNO2/SEM4/BRDB/BRDB/lab_Beepr/social-network-simulator/src/main/scala/Main.scala. Using presentation compiler with project's scala-library version: 2.12.21
2026.04.22 13:57:28 INFO  no build target found for /home/zb/Main/VALAIS/ANNO2/SEM4/BRDB/BRDB/lab_Beepr/social-network-simulator/src/main/scala/Main.scala. Using presentation compiler with project's scala-library version: 2.12.21
2026.04.22 13:57:28 WARN  no build target for: /home/zb/Main/VALAIS/ANNO2/SEM4/BRDB/BRDB/lab_Beepr/social-network-simulator/src/main/scala/Main.scala
2026.04.22 13:57:28 INFO  no build target found for /home/zb/Main/VALAIS/ANNO2/SEM4/BRDB/BRDB/lab_Beepr/social-network-simulator/src/main/scala/Main.scala. Using presentation compiler with project's scala-library version: 2.12.21
2026.04.22 13:57:28 INFO  no build target found for /home/zb/Main/VALAIS/ANNO2/SEM4/BRDB/BRDB/lab_Beepr/social-network-simulator/src/main/scala/Main.scala. Using presentation compiler with project's scala-library version: 2.12.21
2026.04.22 13:57:40 INFO  no build target found for /home/zb/Main/VALAIS/ANNO2/SEM4/BRDB/BRDB/lab_Beepr/social-network-simulator/src/main/scala/Main.scala. Using presentation compiler with project's scala-library version: 2.12.21
2026.04.22 13:57:40 INFO  no build target found for /home/zb/Main/VALAIS/ANNO2/SEM4/BRDB/BRDB/lab_Beepr/social-network-simulator/src/main/scala/Main.scala. Using presentation compiler with project's scala-library version: 2.12.21
2026.04.22 13:57:40 WARN  no build target for: /home/zb/Main/VALAIS/ANNO2/SEM4/BRDB/BRDB/lab_Beepr/social-network-simulator/src/main/scala/Main.scala
2026.04.22 13:57:40 INFO  no build target found for /home/zb/Main/VALAIS/ANNO2/SEM4/BRDB/BRDB/lab_Beepr/social-network-simulator/src/main/scala/Main.scala. Using presentation compiler with project's scala-library version: 2.12.21
2026.04.22 13:57:40 INFO  no build target found for /home/zb/Main/VALAIS/ANNO2/SEM4/BRDB/BRDB/lab_Beepr/social-network-simulator/src/main/scala/Main.scala. Using presentation compiler with project's scala-library version: 2.12.21
2026.04.22 13:57:40 INFO  no build target found for /home/zb/Main/VALAIS/ANNO2/SEM4/BRDB/BRDB/lab_Beepr/social-network-simulator/src/main/scala/Main.scala. Using presentation compiler with project's scala-library version: 2.12.21
2026.04.22 13:57:40 INFO  no build target found for /home/zb/Main/VALAIS/ANNO2/SEM4/BRDB/BRDB/lab_Beepr/social-network-simulator/src/main/scala/Main.scala. Using presentation compiler with project's scala-library version: 2.12.21
2026.04.22 13:57:41 INFO  no build target found for /home/zb/Main/VALAIS/ANNO2/SEM4/BRDB/BRDB/lab_Beepr/social-network-simulator/src/main/scala/Main.scala. Using presentation compiler with project's scala-library version: 2.12.21
2026.04.22 13:57:46 INFO  no build target found for /home/zb/Main/VALAIS/ANNO2/SEM4/BRDB/BRDB/lab_Beepr/social-network-simulator/src/main/scala/Main.scala. Using presentation compiler with project's scala-library version: 2.12.21
2026.04.22 13:57:53 INFO  skipping build import with status 'Installed'
Apr 22, 2026 1:58:02 PM org.eclipse.lsp4j.jsonrpc.services.GenericEndpoint notify
INFO: Unsupported notification method: $/setTrace
Apr 22, 2026 1:58:02 PM org.eclipse.lsp4j.jsonrpc.services.GenericEndpoint notify
INFO: Unsupported notification method: $/setTrace
Apr 22, 2026 1:58:02 PM org.eclipse.lsp4j.jsonrpc.services.GenericEndpoint notify
INFO: Unsupported notification method: $/setTrace
2026.04.22 13:58:56 INFO  running '/usr/bin/sbt -Dbloop.export-jar-classifiers=sources bloopInstall'
2026.04.22 13:58:56 INFO  no build target found for /home/zb/Main/VALAIS/ANNO2/SEM4/BRDB/BRDB/lab_Beepr/social-network-simulator/project/metals.sbt. Using presentation compiler with project's scala-library version: 2.12.21
2026.04.22 13:58:56 WARN  no build target for: /home/zb/Main/VALAIS/ANNO2/SEM4/BRDB/BRDB/lab_Beepr/social-network-simulator/project/metals.sbt
2026.04.22 13:58:56 WARN  no build target for: /home/zb/Main/VALAIS/ANNO2/SEM4/BRDB/BRDB/lab_Beepr/social-network-simulator/project/project/metals.sbt
2026.04.22 13:58:56 INFO  no build target found for /home/zb/Main/VALAIS/ANNO2/SEM4/BRDB/BRDB/lab_Beepr/social-network-simulator/project/project/metals.sbt. Using presentation compiler with project's scala-library version: 2.12.21
2026.04.22 13:58:57 INFO  [info] welcome to sbt 1.12.9 (Arch Linux Java 17.0.19)
2026.04.22 13:58:58 INFO  [info] loading settings for project social-network-simulator-build-build from metals.sbt...
2026.04.22 13:58:58 INFO  [info] loading project definition from /home/zb/Main/VALAIS/ANNO2/SEM4/BRDB/BRDB/lab_Beepr/social-network-simulator/project/project
2026.04.22 13:58:59 INFO  [info] loading settings for project social-network-simulator-build from metals.sbt...
2026.04.22 13:58:59 INFO  [info] loading project definition from /home/zb/Main/VALAIS/ANNO2/SEM4/BRDB/BRDB/lab_Beepr/social-network-simulator/project
2026.04.22 13:59:00 INFO  [success] Generated .bloop/social-network-simulator-build.json
2026.04.22 13:59:00 INFO  [success] Total time: 1 s, completed 22 Apr 2026, 13:59:00
2026.04.22 13:59:00 INFO  [info] loading settings for project root from build.sbt...
2026.04.22 13:59:00 INFO  [info] set current project to social-network-simulator (in build file:/home/zb/Main/VALAIS/ANNO2/SEM4/BRDB/BRDB/lab_Beepr/social-network-simulator/)
2026.04.22 13:59:02 INFO  [success] Generated .bloop/root.json
2026.04.22 13:59:02 INFO  [success] Generated .bloop/root-test.json
2026.04.22 13:59:02 INFO  [success] Total time: 1 s, completed 22 Apr 2026, 13:59:02
2026.04.22 13:59:02 INFO  time: ran 'sbt bloopInstall' in 6.45s
2026.04.22 13:59:02 INFO  Disconnecting from Bloop session...
2026.04.22 13:59:02 INFO  Shut down connection with build server.
2026.04.22 13:59:02 INFO  Shut down connection with build server.
2026.04.22 13:59:02 INFO  Attempting to connect to the build server...
2026.04.22 13:59:02 INFO  Found a Bloop server running
2026.04.22 13:59:02 INFO  tracing is disabled for protocol BSP, to enable tracing of incoming and outgoing JSON messages create an empty file at /home/zb/Main/VALAIS/ANNO2/SEM4/BRDB/BRDB/lab_Beepr/social-network-simulator/.metals/bsp.trace.json or /home/zb/.cache/metals/bsp.trace.json
2026.04.22 13:59:02 INFO  Attempting to connect to the build server...
2026.04.22 13:59:02 INFO  Found a Bloop server running
2026.04.22 13:59:02 INFO  tracing is disabled for protocol BSP, to enable tracing of incoming and outgoing JSON messages create an empty file at /home/zb/Main/VALAIS/ANNO2/SEM4/BRDB/BRDB/lab_Beepr/social-network-simulator/project/.metals/bsp.trace.json or /home/zb/.cache/metals/bsp.trace.json
2026.04.22 13:59:02 INFO  time: Connected to build server in 0.22s
2026.04.22 13:59:02 INFO  Connected to Build server: Bloop v2.0.19
2026.04.22 13:59:04 WARN  Could not find java sources in /usr/lib/jvm/src.zip, /usr/lib/jvm/lib/src.zip, /usr/lib/jvm/java-17-openjdk/src.zip, /usr/lib/jvm/java-17-openjdk/lib/src.zip. Java symbols will not be available.
2026.04.22 13:59:04 INFO  time: indexed workspace in 1.87s
2026.04.22 13:59:05 INFO  skipping build import with status 'Installed'
2026.04.22 13:59:49 INFO  compiling root (6 scala sources)
2026.04.22 13:59:51 INFO  time: compiled root in 2.17s
2026.04.22 14:00:05 INFO  compiling root (6 scala sources)
2026.04.22 14:00:05 INFO  time: compiled root in 0.39s
2026.04.22 14:00:18 INFO  running '/usr/bin/sbt -Dbloop.export-jar-classifiers=sources bloopInstall'
2026.04.22 14:00:18 INFO  [info] welcome to sbt 1.12.9 (Arch Linux Java 17.0.19)
2026.04.22 14:00:18 INFO  [info] loading settings for project social-network-simulator-build-build from metals.sbt...
2026.04.22 14:00:18 INFO  [info] loading project definition from /home/zb/Main/VALAIS/ANNO2/SEM4/BRDB/BRDB/lab_Beepr/social-network-simulator/project/project
2026.04.22 14:00:20 INFO  [info] loading settings for project social-network-simulator-build from metals.sbt...
2026.04.22 14:00:20 INFO  [info] loading project definition from /home/zb/Main/VALAIS/ANNO2/SEM4/BRDB/BRDB/lab_Beepr/social-network-simulator/project
2026.04.22 14:00:21 INFO  [success] Generated .bloop/social-network-simulator-build.json
2026.04.22 14:00:21 INFO  [success] Total time: 1 s, completed 22 Apr 2026, 14:00:21
2026.04.22 14:00:22 INFO  [info] loading settings for project root from build.sbt...
2026.04.22 14:00:22 INFO  [info] set current project to social-network-simulator (in build file:/home/zb/Main/VALAIS/ANNO2/SEM4/BRDB/BRDB/lab_Beepr/social-network-simulator/)
2026.04.22 14:00:22 INFO  [warn] 
2026.04.22 14:00:22 INFO  [warn] 	Note: Unresolved dependencies path:
2026.04.22 14:00:22 INFO  [error] Couldn't run bloopGenerate. The issue could be caused by failing to compile the project.
2026.04.22 14:00:22 INFO  [warn] Removed stale /home/zb/Main/VALAIS/ANNO2/SEM4/BRDB/BRDB/lab_Beepr/social-network-simulator/.bloop/root-test.json
2026.04.22 14:00:22 INFO  [warn] Removed stale /home/zb/Main/VALAIS/ANNO2/SEM4/BRDB/BRDB/lab_Beepr/social-network-simulator/.bloop/root.json
2026.04.22 14:00:22 INFO  [error] sbt.librarymanagement.ResolveException: Error downloading org.neo4j.driver:neo4j-java-driver_3:6.0.5
2026.04.22 14:00:22 INFO  [error]   Not found
2026.04.22 14:00:22 INFO  [error]   Not found
2026.04.22 14:00:22 INFO  [error]   not found: /home/zb/.ivy2/localorg.neo4j.driver/neo4j-java-driver_3/6.0.5/ivys/ivy.xml
2026.04.22 14:00:22 INFO  [error]   not found: https://repo1.maven.org/maven2/org/neo4j/driver/neo4j-java-driver_3/6.0.5/neo4j-java-driver_3-6.0.5.pom
2026.04.22 14:00:22 INFO  [error] 	at lmcoursier.CoursierDependencyResolution.unresolvedWarningOrThrow(CoursierDependencyResolution.scala:350)
2026.04.22 14:00:22 INFO  [error] 	at lmcoursier.CoursierDependencyResolution.$anonfun$update$40(CoursierDependencyResolution.scala:319)
2026.04.22 14:00:22 INFO  [error] 	at scala.util.Either$LeftProjection.map(Either.scala:573)
2026.04.22 14:00:22 INFO  [error] 	at lmcoursier.CoursierDependencyResolution.update(CoursierDependencyResolution.scala:319)
2026.04.22 14:00:22 INFO  [error] 	at sbt.librarymanagement.DependencyResolution.update(DependencyResolution.scala:60)
2026.04.22 14:00:22 INFO  [error] 	at sbt.internal.LibraryManagement$.resolve$1(LibraryManagement.scala:61)
2026.04.22 14:00:22 INFO  [error] 	at sbt.internal.LibraryManagement$.$anonfun$cachedUpdate$12(LibraryManagement.scala:144)
2026.04.22 14:00:22 INFO  [error] 	at sbt.util.Tracked$.$anonfun$lastOutput$1(Tracked.scala:74)
2026.04.22 14:00:22 INFO  [error] 	at sbt.internal.LibraryManagement$.$anonfun$cachedUpdate$11(LibraryManagement.scala:146)
2026.04.22 14:00:22 INFO  [error] 	at sbt.internal.LibraryManagement$.$anonfun$cachedUpdate$11$adapted(LibraryManagement.scala:133)
2026.04.22 14:00:22 INFO  [error] 	at sbt.util.Tracked$.$anonfun$inputChangedW$1(Tracked.scala:220)
2026.04.22 14:00:22 INFO  [error] 	at sbt.internal.LibraryManagement$.cachedUpdate(LibraryManagement.scala:208)
2026.04.22 14:00:22 INFO  [error] 	at sbt.Classpaths$.$anonfun$updateTask0$1(Defaults.scala:3851)
2026.04.22 14:00:22 INFO  [error] 	at scala.Function1.$anonfun$compose$1(Function1.scala:49)
2026.04.22 14:00:22 INFO  [error] 	at sbt.internal.util.$tilde$greater.$anonfun$$u2219$1(TypeFunctions.scala:63)
2026.04.22 14:00:22 INFO  [error] 	at sbt.std.Transform$$anon$4.work(Transform.scala:69)
2026.04.22 14:00:22 INFO  [error] 	at sbt.Execute.$anonfun$submit$2(Execute.scala:283)
2026.04.22 14:00:22 INFO  [error] 	at sbt.internal.util.ErrorHandling$.wideConvert(ErrorHandling.scala:24)
2026.04.22 14:00:22 INFO  [error] 	at sbt.Execute.work(Execute.scala:292)
2026.04.22 14:00:22 INFO  [error] 	at sbt.Execute.$anonfun$submit$1(Execute.scala:283)
2026.04.22 14:00:22 INFO  [error] 	at sbt.ConcurrentRestrictions$$anon$4.$anonfun$submitValid$1(ConcurrentRestrictions.scala:265)
2026.04.22 14:00:22 INFO  [error] 	at sbt.CompletionService$$anon$2.call(CompletionService.scala:65)
2026.04.22 14:00:22 INFO  [error] 	at java.base/java.util.concurrent.FutureTask.run(FutureTask.java:264)
2026.04.22 14:00:22 INFO  [error] 	at java.base/java.util.concurrent.Executors$RunnableAdapter.call(Executors.java:539)
2026.04.22 14:00:22 INFO  [error] 	at java.base/java.util.concurrent.FutureTask.run(FutureTask.java:264)
2026.04.22 14:00:22 INFO  [error] 	at java.base/java.util.concurrent.ThreadPoolExecutor.runWorker(ThreadPoolExecutor.java:1136)
2026.04.22 14:00:22 INFO  [error] 	at java.base/java.util.concurrent.ThreadPoolExecutor$Worker.run(ThreadPoolExecutor.java:635)
2026.04.22 14:00:22 INFO  [error] 	at java.base/java.lang.Thread.run(Thread.java:840)
2026.04.22 14:00:22 INFO  [error] (update) sbt.librarymanagement.ResolveException: Error downloading org.neo4j.driver:neo4j-java-driver_3:6.0.5
2026.04.22 14:00:22 INFO  [error]   Not found
2026.04.22 14:00:22 INFO  [error]   Not found
2026.04.22 14:00:22 INFO  [error]   not found: /home/zb/.ivy2/localorg.neo4j.driver/neo4j-java-driver_3/6.0.5/ivys/ivy.xml
2026.04.22 14:00:22 INFO  [error]   not found: https://repo1.maven.org/maven2/org/neo4j/driver/neo4j-java-driver_3/6.0.5/neo4j-java-driver_3-6.0.5.pom
2026.04.22 14:00:22 INFO  [error] Total time: 0 s, completed 22 Apr 2026, 14:00:23
2026.04.22 14:00:23 INFO  time: ran 'sbt bloopInstall' in 5.72s
2026.04.22 14:00:23 ERROR sbt command failed: /usr/bin/sbt -Dbloop.export-jar-classifiers=sources bloopInstall
2026.04.22 14:00:23 INFO  Disconnecting from Bloop session...
2026.04.22 14:00:23 INFO  Shut down connection with build server.
2026.04.22 14:00:23 INFO  Shut down connection with build server.
2026.04.22 14:00:23 INFO  Attempting to connect to the build server...
2026.04.22 14:00:23 INFO  Found a Bloop server running
2026.04.22 14:00:23 INFO  tracing is disabled for protocol BSP, to enable tracing of incoming and outgoing JSON messages create an empty file at /home/zb/Main/VALAIS/ANNO2/SEM4/BRDB/BRDB/lab_Beepr/social-network-simulator/.metals/bsp.trace.json or /home/zb/.cache/metals/bsp.trace.json
2026.04.22 14:00:24 INFO  Attempting to connect to the build server...
2026.04.22 14:00:24 INFO  Found a Bloop server running
2026.04.22 14:00:24 INFO  tracing is disabled for protocol BSP, to enable tracing of incoming and outgoing JSON messages create an empty file at /home/zb/Main/VALAIS/ANNO2/SEM4/BRDB/BRDB/lab_Beepr/social-network-simulator/project/.metals/bsp.trace.json or /home/zb/.cache/metals/bsp.trace.json
2026.04.22 14:00:23 INFO  time: Connected to build server in 0.22s
2026.04.22 14:00:24 INFO  Connected to Build server: Bloop v2.0.19
2026.04.22 14:00:23 INFO  Empty build targets. Expected at least one build target identifier. (full report at: "/home/zb/Main/VALAIS/ANNO2/SEM4/BRDB/BRDB/lab_Beepr/social-network-simulator/.metals/.reports/bloop/2026-04-22/r_Empty build targets...._13-56-35-447.md")
2026.04.22 14:00:23 INFO  Empty build targets. Expected at least one build target identifier. (full report at: "/home/zb/Main/VALAIS/ANNO2/SEM4/BRDB/BRDB/lab_Beepr/social-network-simulator/.metals/.reports/bloop/2026-04-22/r_Empty build targets...._13-56-35-447.md")
2026.04.22 14:00:23 INFO  Empty build targets. Expected at least one build target identifier. (full report at: "/home/zb/Main/VALAIS/ANNO2/SEM4/BRDB/BRDB/lab_Beepr/social-network-simulator/.metals/.reports/bloop/2026-04-22/r_Empty build targets...._13-56-35-447.md")
2026.04.22 14:00:23 INFO  Empty build targets. Expected at least one build target identifier. (full report at: "/home/zb/Main/VALAIS/ANNO2/SEM4/BRDB/BRDB/lab_Beepr/social-network-simulator/.metals/.reports/bloop/2026-04-22/r_Empty build targets...._13-56-35-447.md")
2026.04.22 14:00:23 INFO  Empty build targets. Expected at least one build target identifier. (full report at: "/home/zb/Main/VALAIS/ANNO2/SEM4/BRDB/BRDB/lab_Beepr/social-network-simulator/.metals/.reports/bloop/2026-04-22/r_Empty build targets...._13-56-35-447.md")
2026.04.22 14:00:24 WARN  Could not find java sources in /usr/lib/jvm/src.zip, /usr/lib/jvm/lib/src.zip, /usr/lib/jvm/java-17-openjdk/src.zip, /usr/lib/jvm/java-17-openjdk/lib/src.zip. Java symbols will not be available.
2026.04.22 14:00:24 INFO  time: indexed workspace in 0.71s
2026.04.22 14:00:24 WARN  no build target for: /home/zb/Main/VALAIS/ANNO2/SEM4/BRDB/BRDB/lab_Beepr/social-network-simulator/src/main/scala/Main.scala
2026.04.22 14:01:01 INFO  running '/usr/bin/sbt -Dbloop.export-jar-classifiers=sources bloopInstall'
2026.04.22 14:01:02 INFO  [info] welcome to sbt 1.12.9 (Arch Linux Java 17.0.19)
2026.04.22 14:01:02 INFO  [info] loading settings for project social-network-simulator-build-build from metals.sbt...
2026.04.22 14:01:02 INFO  [info] loading project definition from /home/zb/Main/VALAIS/ANNO2/SEM4/BRDB/BRDB/lab_Beepr/social-network-simulator/project/project
2026.04.22 14:01:03 INFO  [info] loading settings for project social-network-simulator-build from metals.sbt...
2026.04.22 14:01:03 INFO  [info] loading project definition from /home/zb/Main/VALAIS/ANNO2/SEM4/BRDB/BRDB/lab_Beepr/social-network-simulator/project
2026.04.22 14:01:04 INFO  [success] Generated .bloop/social-network-simulator-build.json
2026.04.22 14:01:04 INFO  [success] Total time: 1 s, completed 22 Apr 2026, 14:01:04
2026.04.22 14:01:06 INFO  [info] loading settings for project root from build.sbt...
2026.04.22 14:01:06 INFO  [info] set current project to social-network-simulator (in build file:/home/zb/Main/VALAIS/ANNO2/SEM4/BRDB/BRDB/lab_Beepr/social-network-simulator/)
2026.04.22 14:01:08 INFO  [success] Generated .bloop/root.json
2026.04.22 14:01:08 INFO  [success] Generated .bloop/root-test.json
2026.04.22 14:01:08 INFO  [success] Total time: 2 s, completed 22 Apr 2026, 14:01:08
2026.04.22 14:01:08 INFO  time: ran 'sbt bloopInstall' in 6.43s
2026.04.22 14:01:08 INFO  Disconnecting from Bloop session...
2026.04.22 14:01:08 INFO  Shut down connection with build server.
2026.04.22 14:01:08 INFO  Shut down connection with build server.
2026.04.22 14:01:08 INFO  Attempting to connect to the build server...
2026.04.22 14:01:08 INFO  Found a Bloop server running
2026.04.22 14:01:08 INFO  tracing is disabled for protocol BSP, to enable tracing of incoming and outgoing JSON messages create an empty file at /home/zb/Main/VALAIS/ANNO2/SEM4/BRDB/BRDB/lab_Beepr/social-network-simulator/.metals/bsp.trace.json or /home/zb/.cache/metals/bsp.trace.json
2026.04.22 14:01:08 INFO  Attempting to connect to the build server...
2026.04.22 14:01:08 INFO  Found a Bloop server running
2026.04.22 14:01:08 INFO  tracing is disabled for protocol BSP, to enable tracing of incoming and outgoing JSON messages create an empty file at /home/zb/Main/VALAIS/ANNO2/SEM4/BRDB/BRDB/lab_Beepr/social-network-simulator/project/.metals/bsp.trace.json or /home/zb/.cache/metals/bsp.trace.json
2026.04.22 14:01:08 INFO  time: Connected to build server in 0.22s
2026.04.22 14:01:08 INFO  Connected to Build server: Bloop v2.0.19
2026.04.22 14:01:08 WARN  Could not find java sources in /usr/lib/jvm/src.zip, /usr/lib/jvm/lib/src.zip, /usr/lib/jvm/java-17-openjdk/src.zip, /usr/lib/jvm/java-17-openjdk/lib/src.zip. Java symbols will not be available.
2026.04.22 14:01:09 INFO  time: indexed workspace in 1.24s
2026.04.22 14:01:09 INFO  compiling root (6 scala sources)
2026.04.22 14:01:09 INFO  time: compiled root in 0.69s
2026.04.22 14:01:45 INFO  compiling root (6 scala sources)
2026.04.22 14:01:45 INFO  time: compiled root in 0.3s
2026.04.22 14:01:48 INFO  compiling root (6 scala sources)
2026.04.22 14:01:48 INFO  time: compiled root in 0.36s
2026.04.22 14:02:04 INFO  compiling root (6 scala sources)
2026.04.22 14:02:04 INFO  time: compiled root in 0.32s
2026.04.22 14:02:15 INFO  compiling root (6 scala sources)
2026.04.22 14:02:16 INFO  time: compiled root in 1.37s
2026.04.22 14:06:31 INFO  compiling root (1 scala source)
2026.04.22 14:06:31 INFO  time: compiled root in 0.23s
2026.04.22 14:07:22 INFO  compiling root (1 scala source)
2026.04.22 14:07:22 INFO  time: compiled root in 0.11s
2026.04.22 14:07:29 INFO  compiling root (1 scala source)
2026.04.22 14:07:29 INFO  time: compiled root in 0.27s
2026.04.22 14:07:58 INFO  compiling root (1 scala source)
2026.04.22 14:07:58 INFO  time: compiled root in 0.11s
exception caught when loading module class module-info$: java.lang.AssertionError: assertion failed: attempt to parse java.lang.Object from classfile
2026.04.22 14:08:22 INFO  compiling root (1 scala source)
2026.04.22 14:08:22 INFO  time: compiled root in 0.12s
2026.04.22 14:08:30 INFO  compiling root (1 scala source)
2026.04.22 14:08:30 INFO  time: compiled root in 0.22s
2026.04.22 14:08:51 INFO  compiling root (1 scala source)
2026.04.22 14:08:51 INFO  time: compiled root in 69ms
2026.04.22 14:08:51 WARN  Could not load snapshot text for /home/zb/Main/VALAIS/ANNO2/SEM4/BRDB/BRDB/lab_Beepr/social-network-simulator/src/main/scala/Main.scala
2026.04.22 14:09:00 WARN  Could not load snapshot text for /home/zb/Main/VALAIS/ANNO2/SEM4/BRDB/BRDB/lab_Beepr/social-network-simulator/src/main/scala/Main.scala
2026.04.22 14:09:00 WARN  Could not load snapshot text for /home/zb/Main/VALAIS/ANNO2/SEM4/BRDB/BRDB/lab_Beepr/social-network-simulator/src/main/scala/Main.scala
2026.04.22 14:09:01 WARN  Could not load snapshot text for /home/zb/Main/VALAIS/ANNO2/SEM4/BRDB/BRDB/lab_Beepr/social-network-simulator/src/main/scala/Main.scala
2026.04.22 14:09:02 WARN  Could not load snapshot text for /home/zb/Main/VALAIS/ANNO2/SEM4/BRDB/BRDB/lab_Beepr/social-network-simulator/src/main/scala/Main.scala
2026.04.22 14:09:02 WARN  Could not load snapshot text for /home/zb/Main/VALAIS/ANNO2/SEM4/BRDB/BRDB/lab_Beepr/social-network-simulator/src/main/scala/Main.scala
2026.04.22 14:09:03 INFO  compiling root (1 scala source)
2026.04.22 14:09:03 INFO  time: compiled root in 0.18s
2026.04.22 14:09:07 INFO  compiling root (1 scala source)
2026.04.22 14:09:07 INFO  time: compiled root in 0.15s
exception caught when loading module class module-info$: java.lang.AssertionError: assertion failed: attempt to parse java.lang.Object from classfile
Apr 22, 2026 2:09:23 PM org.eclipse.lsp4j.jsonrpc.RemoteEndpoint handleCancellation
WARNING: Unmatched cancel notification for request id 1800
2026.04.22 14:09:26 INFO  compiling root (1 scala source)
2026.04.22 14:09:26 INFO  time: compiled root in 0.14s
2026.04.22 14:09:30 INFO  compiling root (1 scala source)
2026.04.22 14:09:30 INFO  time: compiled root in 0.17s
Apr 22, 2026 2:09:33 PM org.eclipse.lsp4j.jsonrpc.RemoteEndpoint handleCancellation
WARNING: Unmatched cancel notification for request id 1900
2026.04.22 14:09:46 INFO  Shutting down server
2026.04.22 14:09:46 INFO  Memory monitor stopped
2026.04.22 14:09:46 INFO  shutting down Metals
2026.04.22 14:09:46 INFO  Shut down connection with build server.
2026.04.22 14:09:46 INFO  Shut down connection with build server.
2026.04.22 14:09:46 INFO  Exiting server
2026.04.22 14:09:49 INFO  Started: Metals version 1.6.7 in folders '/home/zb/Main/VALAIS/ANNO2/SEM4/BRDB/BRDB/lab_Beepr/social-network-simulator' for client Visual Studio Code 1.116.0.
2026.04.22 14:09:49 INFO  Memory monitor started
2026.04.22 14:09:49 WARN  Using H2 2.4.240 which is newer than the version Flyway has been verified with. The latest verified version of H2 is 2.3.232.
2026.04.22 14:09:49 INFO  no build target found for /home/zb/Main/VALAIS/ANNO2/SEM4/BRDB/BRDB/lab_Beepr/social-network-simulator/src/main/scala/Main.scala. Using presentation compiler with project's scala-library version: 3.3.7
2026.04.22 14:09:51 INFO  no build target found for /home/zb/Main/VALAIS/ANNO2/SEM4/BRDB/BRDB/lab_Beepr/social-network-simulator/src/main/scala/Main.scala. Using presentation compiler with project's scala-library version: 3.3.7
2026.04.22 14:09:51 INFO  no build target found for /home/zb/Main/VALAIS/ANNO2/SEM4/BRDB/BRDB/lab_Beepr/social-network-simulator/src/main/scala/Main.scala. Using presentation compiler with project's scala-library version: 3.3.7
2026.04.22 14:09:51 INFO  Attempting to connect to the build server...
2026.04.22 14:09:51 INFO  Found a Bloop server running
2026.04.22 14:09:51 INFO  tracing is disabled for protocol BSP, to enable tracing of incoming and outgoing JSON messages create an empty file at /home/zb/Main/VALAIS/ANNO2/SEM4/BRDB/BRDB/lab_Beepr/social-network-simulator/.metals/bsp.trace.json or /home/zb/.cache/metals/bsp.trace.json
2026.04.22 14:09:51 INFO  Attempting to connect to the build server...
2026.04.22 14:09:51 INFO  Found a Bloop server running
2026.04.22 14:09:51 INFO  tracing is disabled for protocol BSP, to enable tracing of incoming and outgoing JSON messages create an empty file at /home/zb/Main/VALAIS/ANNO2/SEM4/BRDB/BRDB/lab_Beepr/social-network-simulator/project/.metals/bsp.trace.json or /home/zb/.cache/metals/bsp.trace.json
2026.04.22 14:09:51 INFO  time: Connected to build server in 0.29s
2026.04.22 14:09:51 INFO  Connected to Build server: Bloop v2.0.19
2026.04.22 14:09:53 WARN  Could not find java sources in /usr/lib/jvm/src.zip, /usr/lib/jvm/lib/src.zip, /usr/lib/jvm/java-17-openjdk/src.zip, /usr/lib/jvm/java-17-openjdk/lib/src.zip. Java symbols will not be available.
2026.04.22 14:09:53 INFO  time: indexed workspace in 1.98s
2026.04.22 14:10:37 INFO  compiling root (1 scala source)
2026.04.22 14:10:37 INFO  time: compiled root in 0.2s
2026.04.22 14:11:52 INFO  compiling root (1 scala source)
2026.04.22 14:11:52 INFO  time: compiled root in 0.17s
2026.04.22 14:18:12 INFO  compiling root (1 scala source)
2026.04.22 14:18:12 INFO  time: compiled root in 99ms
2026.04.22 14:18:27 INFO  compiling root (1 scala source)
2026.04.22 14:18:27 INFO  time: compiled root in 73ms
2026.04.22 14:18:32 INFO  compiling root (1 scala source)
2026.04.22 14:18:32 INFO  time: compiled root in 81ms
2026.04.22 14:19:10 INFO  compiling root (1 scala source)
2026.04.22 14:19:10 INFO  time: compiled root in 0.15s
2026.04.22 14:19:14 INFO  compiling root (1 scala source)
2026.04.22 14:19:14 INFO  time: compiled root in 0.15s
2026.04.22 14:19:17 INFO  compiling root (1 scala source)
2026.04.22 14:19:17 INFO  time: compiled root in 0.14s
2026.04.22 14:20:27 INFO  compiling root (1 scala source)
2026.04.22 14:20:27 INFO  time: compiled root in 87ms
2026.04.22 14:20:27 WARN  Could not load snapshot text for /home/zb/Main/VALAIS/ANNO2/SEM4/BRDB/BRDB/lab_Beepr/social-network-simulator/src/main/scala/Main.scala
2026.04.22 14:20:28 WARN  Could not load snapshot text for /home/zb/Main/VALAIS/ANNO2/SEM4/BRDB/BRDB/lab_Beepr/social-network-simulator/src/main/scala/Main.scala
2026.04.22 14:20:29 WARN  Could not load snapshot text for /home/zb/Main/VALAIS/ANNO2/SEM4/BRDB/BRDB/lab_Beepr/social-network-simulator/src/main/scala/Main.scala
2026.04.22 14:20:31 WARN  Could not load snapshot text for /home/zb/Main/VALAIS/ANNO2/SEM4/BRDB/BRDB/lab_Beepr/social-network-simulator/src/main/scala/Main.scala
2026.04.22 14:20:32 INFO  compiling root (1 scala source)
2026.04.22 14:20:32 INFO  time: compiled root in 0.14s
2026.04.22 14:20:51 INFO  compiling root (1 scala source)
2026.04.22 14:20:51 INFO  time: compiled root in 0.12s
2026.04.22 14:21:05 INFO  compiling root (1 scala source)
2026.04.22 14:21:05 INFO  time: compiled root in 0.12s
2026.04.22 14:23:36 INFO  compiling root (1 scala source)
2026.04.22 14:23:36 INFO  time: compiled root in 0.13s
2026.04.22 14:24:11 INFO  compiling root (1 scala source)
2026.04.22 14:24:11 INFO  time: compiled root in 0.14s
2026.04.22 14:24:33 INFO  compiling root (1 scala source)
2026.04.22 14:24:33 INFO  time: compiled root in 0.12s
2026.04.22 14:24:46 INFO  compiling root (1 scala source)
2026.04.22 14:24:46 INFO  time: compiled root in 0.15s
2026.04.22 14:26:42 INFO  compiling root (1 scala source)
2026.04.22 14:26:42 INFO  time: compiled root in 0.13s
2026.04.22 14:26:51 INFO  compiling root (1 scala source)
2026.04.22 14:26:51 INFO  time: compiled root in 0.11s
2026.04.22 14:30:34 INFO  compiling root (1 scala source)
2026.04.22 14:30:34 INFO  time: compiled root in 0.13s
2026.04.22 14:36:53 INFO  compiling root (1 scala source)
2026.04.22 14:36:53 INFO  time: compiled root in 0.13s
2026.04.22 14:36:57 INFO  compiling root (1 scala source)
2026.04.22 14:36:57 INFO  time: compiled root in 0.13s
2026.04.22 14:37:02 INFO  compiling root (1 scala source)
2026.04.22 14:37:02 INFO  time: compiled root in 0.12s
